[Thu Mar 26 02:31:21 PM UTC 2026] Starting 02-journal-engine
Done. Here's what was built:

**Migration:** `double_entry_journals` and `double_entry_journal_lines` tables with all specified columns including recurring fields.

**Models:**
- `Journal.php` — company scoped, soft deletes, morphTo documentable, lines relationship, computed totals/balance check
- `JournalLine.php` — belongs to Journal and Account

**Controller:** `Journals.php` — full CRUD with:
- `index()` with date range, reference, and status filters + pagination
- `create()/store()` with dynamic line items
- `show()` read-only detail view
- `edit()/update()` restricted to draft entries only
- `destroy()` — deletes drafts, creates reversing entries for posted journals
- `duplicate()` — copies as new draft

**Validation:** `JournalStore.php` / `JournalUpdate.php` — debits must equal credits, min 2 lines, each line must have debit XOR credit, account must belong to company.

**Auto-posting listeners:**
- `DocumentCreated` — Invoice → DR AR / CR Revenue (+ CR Tax Payable); Bill → DR Expense / CR AP
- `DocumentUpdated` — deletes old journal and re-posts
- `TransactionCreated` — Payment received → DR Bank / CR AR; Payment made → DR AP / CR Bank
- `TransferCreated` — DR Destination bank / CR Source bank

**Recurring:** `ProcessRecurringJournals` artisan command registered in scheduler (daily).

**Views:** index (sortable table + filters), create/edit (dynamic line items with running totals + balance check), show (read-only detail).

**Routes:** Resource routes + duplicate POST route under `double-entry` prefix.
[Thu Mar 26 02:37:42 PM UTC 2026] Task 02-journal-engine exit: 0
To https://github.com/lilshtz/akaunting-modules.git
   9677c84..cc2d4ce  master -> master
[Thu Mar 26 02:37:48 PM UTC 2026] Starting 03-ledger-reports
Done. Here's what was built:

**Service Layer:**
- `Services/AccountBalanceService.php` — Core balance calculator with `getBalance()`, `getBalancesByType()`, `getRunningBalance()`, and `getTrialBalance()`. Handles normal debit/credit balance rules per account type, opening balance carry-forward, and running balance computation.

**Controllers:**
- `Http/Controllers/GeneralLedger.php` — `index()` with date range, account, and basis filters; `export()` supporting CSV and PDF
- `Http/Controllers/TrialBalance.php` — `index()` with date range and basis filters; `export()` supporting CSV and PDF

**Views:**
- `views/general-ledger/index.blade.php` — Filter bar, expandable account sections with journal lines and running balances, export buttons
- `views/general-ledger/pdf.blade.php` — DomPDF-compatible layout for PDF export
- `views/trial-balance/index.blade.php` — Filter bar, table grouped by account type with subtotals, grand total with balanced/unbalanced indicator, export buttons
- `views/trial-balance/pdf.blade.php` — DomPDF-compatible layout for PDF export

**Also updated:** Routes (already existed), translations (new keys for reports), and admin menu entries.
[Thu Mar 26 02:42:31 PM UTC 2026] Task 03-ledger-reports exit: 0
To https://github.com/lilshtz/akaunting-modules.git
   cc2d4ce..433cd6b  master -> master
[Thu Mar 26 02:42:37 PM UTC 2026] Starting 04-balance-sheet-pnl
Commit successful. Here's what was built/enhanced:

**Controllers:**
- **BalanceSheet.php** — Hierarchical parent/child grouping with subtotals, comparative prior-year support, PDF+CSV export with comparative columns
- **ProfitLoss.php** — Period breakdown (monthly/quarterly/annual columns), COGS detection with Gross Profit line, comparative year-over-year, percentage-of-income column

**Views:**
- **balance-sheet/index.blade.php** — Hierarchical sections with group labels/subtotals, PDF export button, comparative columns
- **profit-loss/index.blade.php** — Dual layout: standard view with % column + period breakdown view with per-period columns, COGS/Gross Profit section, PDF export button, breakdown selector
- **balance-sheet/pdf.blade.php** — Full PDF with hierarchical grouping, comparative columns, balance validation
- **profit-loss/pdf.blade.php** — PDF with COGS/Gross Profit, comparative columns, % of income

**Dashboard Widget:**
- **DoubleEntryDashboard.php** — Income vs Expense bar chart (12 months), top 5 accounts by balance, last 10 journal entries, quick links to all reports
- **widgets/dashboard.blade.php** — Full widget view with Chart.js integration
- **module.json** — Widget registered

**Translations:**
- Added `period_breakdown`, `no_breakdown`, `cost_of_goods_sold` keys
[Thu Mar 26 02:50:28 PM UTC 2026] Task 04-balance-sheet-pnl exit: 0
To https://github.com/lilshtz/akaunting-modules.git
   a7a82cd..7f0fd7f  master -> master
[Thu Mar 26 02:50:34 PM UTC 2026] Starting 05-custom-fields
Done. The CustomFields module was already largely built. I fixed three gaps:

1. **Event provider** - Registered `SaveCustomFieldValues` listener for all entity events: document create/update (invoices, bills, estimates), contact create/update (customers, vendors), item create/update, transaction create/update, and transfer create/update.

2. **Controller options handling** - Added `parseOptionsText()` method to convert the textarea `options_text` field (one option per line) into the `options_json` array for store/update operations.

3. **SaveCustomFieldValues listener** - Added estimate detection in `resolveEntityType()` and transaction handling.
[Thu Mar 26 02:53:47 PM UTC 2026] Task 05-custom-fields exit: 0
To https://github.com/lilshtz/akaunting-modules.git
   7f0fd7f..2c41139  master -> master
[Thu Mar 26 02:53:53 PM UTC 2026] Starting 06-employees-departments
Committed. The Employees module was already fully built with all required components:

- **Database**: Migration with `departments`, `employees`, `employee_documents` tables (all fields per spec)
- **Models**: `Employee` (soft deletes, scopes, accessors), `Department` (manager relationship), `EmployeeDocument`
- **Controllers**: Full CRUD for Employees (with filtering), Departments, EmployeeDocuments (upload/download/delete)
- **API Controllers**: REST endpoints for employees (list/create/show/update) and departments (list/show)
- **Views**: Index (filterable table with photos/badges), create (multi-section form), show (profile with documents), edit, department CRUD views
- **Sidebar**: HR dropdown with Employees and Departments menu items
- **Widget**: Employee summary (headcount, by department, by type, recent hires)
- **Form Requests**: Validation for store/update on both entities
- **Routes**: Admin routes + API routes with Sanctum auth

I added the missing `composer.json` and committed with the specified message.
[Thu Mar 26 02:56:15 PM UTC 2026] Task 06-employees-departments exit: 0
To https://github.com/lilshtz/akaunting-modules.git
   ac98918..3e0729b  master -> master
[Thu Mar 26 02:56:21 PM UTC 2026] Starting 07-estimates
Done. The Estimates module has been built with 28 files (3,029 lines) covering:

**Module scaffold**: `module.json`, `composer.json`, service providers (Main + Event)

**Database**: Migration for `estimate_settings`, `estimate_histories`, `estimate_portal_tokens` tables. Estimates use the core `documents` table with `type='estimate'`.

**Models**: `Estimate` (extends Document with global scope), `EstimateSetting`, `EstimateHistory`, `EstimatePortalToken`

**Controller (Estimates)**: Full CRUD + `send`, `approve`, `refuse`, `convert` (to invoice), `duplicate`, `pdf`, `settings` — with line item saving, tax/discount calculation, and document total computation

**Controller (Portal)**: Public token-based access — view tracking, approve/refuse with optional reason

**Notifications**: `EstimateSent` (email to customer with portal link), `EstimateStatusChanged` (email + database notification to company owner)

**Views**: Index with filters, create/edit with dynamic line items (JS add/remove), show with timeline, PDF template, portal view with approve/refuse buttons, settings page, dashboard widget

**Routes**: Admin routes for CRUD + actions, public portal routes (no auth)

**Sidebar**: "Estimates" with `request_quote` icon

**Widget**: `EstimateSummary` with approval rate, conversion rate, status breakdown, recent estimates
[Thu Mar 26 03:05:35 PM UTC 2026] Task 07-estimates exit: 0
To https://github.com/lilshtz/akaunting-modules.git
   3e0729b..150c535  master -> master
[Thu Mar 26 03:05:41 PM UTC 2026] Starting 08-credit-debit-notes
[Thu Mar 26 03:15:41 PM UTC 2026] Task 08-credit-debit-notes exit: 124
Everything up-to-date
[Thu Mar 26 03:15:46 PM UTC 2026] Starting 09-sales-purchase-orders
[Thu Mar 26 03:25:46 PM UTC 2026] Task 09-sales-purchase-orders exit: 124
Everything up-to-date
[Thu Mar 26 03:25:52 PM UTC 2026] Starting 10-receipts-ocr
Committed successfully. The Receipts module is complete with all 26 files:

**Module Structure:**
- **Models:** `Receipt` (with status workflow, scopes, line actions) + `CategorizationRule`
- **Migration:** `receipts` table + `receipt_categorization_rules` table
- **Services:**
  - `OcrService` — Tesseract (local/free), Taggun API, Mindee API with text parsing for vendor, date, amounts, currency
  - `CategorizationService` — Pattern-based vendor-to-category mapping with wildcard support
  - `DuplicateDetectionService` — Same vendor + amount + date ±3 days detection
- **Controllers:**
  - `Receipts` — index (grid with thumbnails/status filter), upload (drag-drop), store (OCR + auto-categorize), review (side-by-side image + editable fields), process (create bill/payment), destroy, bulkUpload, bulkProcess
  - `Settings` — OCR provider config, API keys (encrypted), categorization rules CRUD
  - `Api\Receipts` — `POST /api/receipts/upload`, `GET /api/receipts`, `POST /api/receipts/{id}/process`, `GET /api/receipts/pending`
- **Views:** Receipt inbox grid, drag-drop upload, review page, process form, bulk upload, settings page, dashboard widget
- **Sidebar:** "Receipts" menu with inbox, upload, and settings items
- **Widget:** `ReceiptSummary` showing pending/processed counts
[Thu Mar 26 03:33:48 PM UTC 2026] Task 10-receipts-ocr exit: 0
To https://github.com/lilshtz/akaunting-modules.git
   150c535..24b48aa  master -> master
[Thu Mar 26 03:33:54 PM UTC 2026] Starting 11-bank-feeds-csv
